100 454.341446
3 179 67 37 67 0
36 242 223 39 67 0
73 201 0 61 67 0
97 385 308 17 67 1
17 198 271 44 66 0
96 54 256 40 66 0
99 111 0 49 66 0
27 361 109 25 65 0
49 382 383 47 65 1
56 319 420 17 63 1
68 329 57 52 63 1
8 128 236 50 62 1
29 104 229 24 62 0
98 50 158 22 62 0
54 430 0 18 61 0
66 268 73 67 61 1
72 393 219 61 61 0
37 312 327 20 60 0
11 100 88 39 59 1
94 92 127 41 59 0
80 296 327 16 58 0
13 266 175 48 57 1
16 328 0 36 57 0
38 31 256 23 57 0
51 286 289 38 57 1
77 323 175 66 57 1
82 209 169 47 57 1
55 133 127 34 56 0
65 0 0 57 56 0
39 190 216 52 55 0
41 241 140 27 55 1
34 50 229 27 54 1
32 262 0 43 53 0
42 0 56 62 53 1
10 223 117 18 52 0
15 332 331 59 52 0
18 342 241 48 51 1
19 216 67 31 50 0
21 134 286 64 50 0
81 0 205 40 50 1
5 77 392 39 49 1
23 159 66 20 49 0
44 53 56 65 47 1
57 137 427 18 47 1
64 0 158 50 47 0
28 391 325 39 46 0
43 281 241 61 46 0
52 57 0 54 45 0
63 210 369 36 45 1
45 256 419 23 44 1
87 242 290 39 44 1
14 72 186 63 43 0
70 343 289 42 42 0
74 0 118 38 42 1
9 435 61 16 41 0
79 160 0 60 41 1
7 200 427 22 40 1
26 392 114 55 40 0
67 94 291 44 40 1
25 242 329 54 39 0
35 0 245 31 38 0
1 386 154 65 37 0
59 42 121 50 37 0
86 27 355 56 37 0
33 111 66 22 35 1
93 296 140 65 35 0
2 135 183 53 34 1
22 255 385 49 34 0
31 176 369 26 34 1
58 0 313 46 34 0
0 392 61 43 33 0
47 304 387 65 33 0
76 305 40 22 33 0
90 46 322 39 33 0
91 143 369 56 33 1
50 139 337 67 32 0
78 206 337 36 32 0
40 51 392 26 29 0
12 380 191 61 28 0
24 393 280 45 28 0
75 204 134 19 28 0
48 364 0 57 27 1
69 85 336 54 27 0
89 0 347 38 27 1
30 169 180 24 26 1
85 392 94 20 25 1
88 167 134 37 24 0
60 305 0 40 23 1
61 104 431 33 23 0
46 391 0 39 22 0
71 176 405 64 22 0
84 37 431 67 22 0
53 247 67 43 21 1
4 300 420 29 19 1
20 0 411 37 19 0
62 83 369 60 19 0
95 0 392 51 19 0
6 169 162 40 18 0
83 184 427 22 16 1
92 240 419 26 16 1
